SLF4J(W): No SLF4J providers were found.
SLF4J(W): Defaulting to no-operation (NOP) logger implementation
SLF4J(W): See https://www.slf4j.org/codes.html#noProviders for further details.
=========================================================
   INICIANDO SIMULADOR LAB 2 - CoAP (AUTÔNOMO)           
=========================================================

[LAB 2] Inicializando dispositivos com Jitter...

[LAB 2] Iniciando Roteiro da Simulação...


=================================================
 >>[LAB@] INICIANDO CÁPITULO: NORMAL_USE (Duração: 45s)
=================================================

[SCENARIO] Alterado NORMAL_USE para NORMAL_USE

=================================================
 >>[LAB@] INICIANDO CÁPITULO: OVERLOAD (Duração: 75s)
=================================================

[SCENARIO] Alterado NORMAL_USE para OVERLOAD

=================================================
 >>[LAB@] INICIANDO CÁPITULO: PEAK_USE (Duração: 60s)
=================================================

[SCENARIO] Alterado OVERLOAD para PEAK_USE

=================================================
 >>[LAB@] INICIANDO CÁPITULO: NORMAL_USE (Duração: 60s)
=================================================

[SCENARIO] Alterado PEAK_USE para NORMAL_USE
